0 info it worked if it ends with ok
1 verbose cli [ 'C:\\Program Files (x86)\\nodejs\\\\node.exe',
1 verbose cli   'C:\\Program Files (x86)\\nodejs\\node_modules\\npm\\bin\\npm-cli.js',
1 verbose cli   'install' ]
2 info using npm@2.7.4
3 info using node@v0.12.2
4 verbose node symlink C:\Program Files (x86)\nodejs\\node.exe
5 verbose install where, deps [ 'c:\\HP\\ulodugbituk',
5 verbose install   [ 'socket.io',
5 verbose install     'express',
5 verbose install     'express-session',
5 verbose install     'body-parser',
5 verbose install     'mysql',
5 verbose install     'fs' ] ]
6 verbose install where, peers [ 'c:\\HP\\ulodugbituk', [] ]
7 info preinstall webworms@0.0.1
8 warn package.json fs@0.0.2 fs is also the name of a node core module.
9 warn package.json fs@0.0.2 No description
10 warn package.json fs@0.0.2 No repository field.
11 warn package.json fs@0.0.2 No README data
12 verbose already installed skipping socket.io@^1.4.5 c:\HP\ulodugbituk
13 verbose already installed skipping express@^4.13.4 c:\HP\ulodugbituk
14 verbose already installed skipping express-session@^1.13.0 c:\HP\ulodugbituk
15 verbose already installed skipping body-parser@^1.15.0 c:\HP\ulodugbituk
16 verbose already installed skipping mysql@^2.10.2 c:\HP\ulodugbituk
17 silly cache add args [ 'fs@2.7.4', null ]
18 verbose cache add spec fs@2.7.4
19 silly cache add parsed spec { raw: 'fs@2.7.4',
19 silly cache add   scope: null,
19 silly cache add   name: 'fs',
19 silly cache add   rawSpec: '2.7.4',
19 silly cache add   spec: '2.7.4',
19 silly cache add   type: 'version' }
20 verbose addNamed fs@2.7.4
21 silly addNamed semver.valid 2.7.4
22 silly addNamed semver.validRange 2.7.4
23 silly mapToRegistry name fs
24 silly mapToRegistry using default registry
25 silly mapToRegistry registry https://registry.npmjs.org/
26 silly mapToRegistry uri https://registry.npmjs.org/fs
27 verbose addNameVersion registry:https://registry.npmjs.org/fs not in flight; fetching
28 verbose request uri https://registry.npmjs.org/fs
29 verbose request no auth needed
30 info attempt registry request try #1 at 2:05:24 AM
31 verbose request id cc00021f3d9e932d
32 verbose etag "6JMRT9I9QCGA435Q7M45IF7GP"
33 http request GET https://registry.npmjs.org/fs
34 http 304 https://registry.npmjs.org/fs
35 silly get cb [ 304,
35 silly get   { date: 'Fri, 17 Jun 2016 18:05:23 GMT',
35 silly get     via: '1.1 varnish',
35 silly get     'cache-control': 'max-age=300',
35 silly get     etag: '"6JMRT9I9QCGA435Q7M45IF7GP"',
35 silly get     age: '140',
35 silly get     connection: 'keep-alive',
35 silly get     'x-served-by': 'cache-sjc3642-SJC',
35 silly get     'x-cache': 'HIT',
35 silly get     'x-cache-hits': '1',
35 silly get     'x-timer': 'S1466186723.423337,VS0,VE2',
35 silly get     vary: 'Accept-Encoding' } ]
36 verbose etag https://registry.npmjs.org/fs from cache
37 verbose get saving fs to C:\Users\Administrator\AppData\Roaming\npm-cache\registry.npmjs.org\fs\.cache.json
38 verbose stack Error: version not found: fs@2.7.4
38 verbose stack     at setData (C:\Program Files (x86)\nodejs\node_modules\npm\lib\cache\add-named.js:122:12)
38 verbose stack     at RES (C:\Program Files (x86)\nodejs\node_modules\npm\node_modules\inflight\inflight.js:23:14)
38 verbose stack     at f (C:\Program Files (x86)\nodejs\node_modules\npm\node_modules\once\once.js:17:25)
38 verbose stack     at saved (C:\Program Files (x86)\nodejs\node_modules\npm\lib\cache\caching-client.js:173:7)
38 verbose stack     at FSReqWrap.oncomplete (fs.js:95:15)
39 verbose statusCode 404
40 verbose cwd c:\HP\ulodugbituk
41 error Windows_NT 6.1.7601
42 error argv "C:\\Program Files (x86)\\nodejs\\\\node.exe" "C:\\Program Files (x86)\\nodejs\\node_modules\\npm\\bin\\npm-cli.js" "install"
43 error node v0.12.2
44 error npm  v2.7.4
45 error version not found: fs@2.7.4
46 error If you need help, you may report this error at:
46 error     <https://github.com/npm/npm/issues>
47 verbose exit [ 1, true ]
